<?xml version="1.0" encoding="UTF-8"?>
<testsuite name="BookTest" tests="3" skipped="0" failures="0" errors="0" timestamp="2024-02-19T22:54:25" hostname="DESKTOP-L8BI6AL" time="0.011">
  <properties/>
  <testcase name="testBookConstructorAndGetterMethods" classname="BookTest" time="0.0"/>
  <testcase name="testSetterMethods" classname="BookTest" time="0.0"/>
  <testcase name="testToStringMethod" classname="BookTest" time="0.009"/>
  <system-out><![CDATA[]]></system-out>
  <system-err><![CDATA[]]></system-err>
</testsuite>
