<?xml version="1.0" encoding="UTF-8"?>
<testsuite name="BookstoreTest" tests="3" skipped="0" failures="0" errors="0" timestamp="2024-02-19T22:54:25" hostname="DESKTOP-L8BI6AL" time="0.006">
  <properties/>
  <testcase name="testBooksByAuthor" classname="BookstoreTest" time="0.005"/>
  <testcase name="testAddBook" classname="BookstoreTest" time="0.0"/>
  <testcase name="testShortBooks" classname="BookstoreTest" time="0.0"/>
  <system-out><![CDATA[]]></system-out>
  <system-err><![CDATA[]]></system-err>
</testsuite>
